{
  "RSpec": {
    "coverage": {
      "/Users/alextrost/Desktop/Coding/apps/Eeek/EeekApp/Eeek/app/models/contact.rb": [
        1,
        1,
        1,
        1,
        null,
        1,
        null
      ],
      "/Users/alextrost/Desktop/Coding/apps/Eeek/EeekApp/Eeek/spec/models/model_spec.rb": [
        null,
        null,
        null,
        null,
        null
      ],
      "/Users/alextrost/Desktop/Coding/apps/Eeek/EeekApp/Eeek/spec/models/mood_spec.rb": [
        1,
        null,
        1,
        null,
        1,
        2,
        null,
        2,
        2,
        null,
        null,
        null
      ],
      "/Users/alextrost/Desktop/Coding/apps/Eeek/EeekApp/Eeek/app/models/mood.rb": [
        1,
        null,
        1,
        1,
        null,
        null,
        null
      ],
      "/Users/alextrost/Desktop/Coding/apps/Eeek/EeekApp/Eeek/spec/models/upload_spec.rb": [
        1,
        null,
        1,
        null,
        1,
        2,
        null,
        null,
        1,
        1,
        1,
        null,
        null,
        null,
        null,
        null
      ],
      "/Users/alextrost/Desktop/Coding/apps/Eeek/EeekApp/Eeek/app/models/upload.rb": [
        1,
        1,
        null,
        1,
        null
      ],
      "/Users/alextrost/Desktop/Coding/apps/Eeek/EeekApp/Eeek/app/uploaders/attachment_uploader.rb": [
        null,
        null,
        1,
        null,
        null,
        null,
        1,
        null,
        null,
        null,
        null,
        null,
        1,
        0,
        null,
        1,
        null,
        null,
        1,
        1,
        null,
        null,
        null,
        null,
        null,
        1,
        0,
        null,
        null,
        null,
        1,
        0,
        null,
        null,
        null,
        null,
        null,
        null,
        null,
        null,
        null,
        null,
        null,
        null,
        null,
        null,
        null,
        null,
        null,
        null,
        null,
        null,
        null,
        null,
        null,
        null,
        null,
        null,
        null,
        null,
        null,
        null,
        null,
        null,
        null,
        null,
        null
      ],
      "/Users/alextrost/Desktop/Coding/apps/Eeek/EeekApp/Eeek/spec/models/user_spec.rb": [
        1,
        null,
        1,
        null,
        1,
        2,
        2,
        2,
        null,
        2,
        2,
        null,
        2,
        2,
        2,
        2,
        2,
        null,
        2,
        2,
        2,
        null,
        1,
        1,
        1,
        null,
        null,
        1,
        1,
        1,
        1,
        null,
        null,
        null,
        null,
        null,
        null
      ]
    },
    "timestamp": 1429208483
  }
}
