{
  "RSpec": {
    "coverage": {
      "/Users/alextrost/Desktop/apps/Eeek/EeekApp/Eeek/app/controllers/users_controller.rb": [
        1,
        null,
        1,
        null,
        null,
        1,
        0,
        0,
        0,
        null,
        null,
        null,
        1,
        6,
        6,
        0,
        null,
        null,
        null,
        1,
        null,
        1,
        6,
        null,
        null,
        null
      ],
      "/Users/alextrost/Desktop/apps/Eeek/EeekApp/Eeek/app/controllers/application_controller.rb": [
        1,
        null,
        null,
        1,
        null
      ],
      "/Users/alextrost/Desktop/apps/Eeek/EeekApp/Eeek/spec/controllers/sessions_controller_spec.rb": [
        1,
        null,
        1,
        null,
        null
      ],
      "/Users/alextrost/Desktop/apps/Eeek/EeekApp/Eeek/app/controllers/sessions_controller.rb": [
        1,
        null
      ],
      "/Users/alextrost/Desktop/apps/Eeek/EeekApp/Eeek/spec/controllers/users_controller_spec.rb": [
        1,
        null,
        1,
        null,
        null
      ],
      "/Users/alextrost/Desktop/apps/Eeek/EeekApp/Eeek/spec/feature/signin_feature_spec.rb": [
        null,
        null,
        null,
        null,
        null,
        null,
        null,
        null,
        null,
        null,
        null,
        null,
        null,
        null,
        null,
        null,
        null,
        null,
        null,
        null,
        null,
        null,
        null,
        null,
        null,
        null,
        null,
        null,
        null,
        null,
        null,
        null,
        null,
        null
      ],
      "/Users/alextrost/Desktop/apps/Eeek/EeekApp/Eeek/spec/helpers/sessions_helper_spec.rb": [
        1,
        null,
        null,
        null,
        null,
        null,
        null,
        null,
        null,
        null,
        null,
        null,
        null,
        null,
        null,
        null,
        null
      ],
      "/Users/alextrost/Desktop/apps/Eeek/EeekApp/Eeek/spec/helpers/users_helper_spec.rb": [
        1,
        null,
        null,
        null,
        null,
        null,
        null,
        null,
        null,
        null,
        null,
        null,
        null,
        null,
        null,
        null
      ],
      "/Users/alextrost/Desktop/apps/Eeek/EeekApp/Eeek/spec/models/model_spec.rb": [
        null,
        null,
        null,
        null,
        null
      ],
      "/Users/alextrost/Desktop/apps/Eeek/EeekApp/Eeek/spec/models/user_spec.rb": [
        null,
        null,
        null,
        null,
        null
      ]
    },
    "timestamp": 1418079985
  }
}
